#
# A fatal error has been detected by the Java Runtime Environment:
#
#  SIGSEGV (0xb) at pc=0x0000000106b335a1, pid=3615, tid=18179
#
# JRE version: Java(TM) SE Runtime Environment (7.0_45-b18) (build 1.7.0_45-b18)
# Java VM: Java HotSpot(TM) 64-Bit Server VM (24.45-b08 mixed mode bsd-amd64 compressed oops)
# Problematic frame:
# V  [libjvm.dylib+0x3335a1]
#
# Failed to write core dump. Core dumps have been disabled. To enable core dumping, try "ulimit -c unlimited" before starting Java again
#
# If you would like to submit a bug report, please visit:
#   http://bugreport.sun.com/bugreport/crash.jsp
#

---------------  T H R E A D  ---------------

Current thread (0x00007fd16501d800):  JavaThread "JDWP Transport Listener: dt_socket" daemon [_thread_in_vm, id=18179, stack(0x00000001158e4000,0x00000001159e4000)]

siginfo:si_signo=SIGSEGV: si_errno=0, si_code=1 (SEGV_MAPERR), si_addr=0x0000000000000120

Registers:
RAX=0x0000000000000000, RBX=0x00000001159e3a8b, RCX=0x00000000000fc003, RDX=0x00000001159e3a8b
RSP=0x00000001159e39f0, RBP=0x00000001159e3a40, RSI=0x00007fd16501d800, RDI=0x00000007d8481810
R8 =0x00007fd163700b80, R9 =0x00007fd163700c00, R10=0x0000000078c01eb3, R11=0x0000000050d171fd
R12=0x00007fd16501d800, R13=0x00007fd1634114c0, R14=0x00007fd16370f388, R15=0x00007fd163602580
RIP=0x0000000106b335a1, EFLAGS=0x0000000000010202, ERR=0x0000000000000004
  TRAPNO=0x000000000000000e

Top of Stack: (sp=0x00000001159e39f0)
0x00000001159e39f0:   00007fd16501d800 0000000000000000
0x00000001159e3a00:   0000000000000000 0000000000000000
0x00000001159e3a10:   00007fd16501d800 00007fd16501d800
0x00000001159e3a20:   00000001159e3a8b 00000001159e3a90
0x00000001159e3a30:   00007fd1634114c0 0000000000000003
0x00000001159e3a40:   00000001159e3a60 0000000105fc31f8
0x00000001159e3a50:   0000000000000001 00000001159e3b08
0x00000001159e3a60:   00000001159e3ad0 0000000105fa802b
0x00000001159e3a70:   00000001159e3aa0 00007fd16370f6d0
0x00000001159e3a80:   0000000400000032 0000000a009e3b08
0x00000001159e3a90:   0000000000000000 0000000000000000
0x00000001159e3aa0:   0000000000000000 00000001159e3c90
0x00000001159e3ab0:   0000000105fcadc0 00007fd16370f670
0x00000001159e3ac0:   00000001159e3b08 0000000105fd6578
0x00000001159e3ad0:   00000001159e3ae0 0000000105fa8124
0x00000001159e3ae0:   00000001159e3d00 0000000105fb16b2
0x00000001159e3af0:   0000089000000013 00000000000f0200
0x00000001159e3b00:   00007fd1637050d0 00000001159e3be3
0x00000001159e3b10:   00007fd1000000a1 00000001159e3b20
0x00000001159e3b20:   00007fd10000008b 00000001159e3b58
0x00000001159e3b30:   0000000000000000 00007f0000000000
0x00000001159e3b40:   000008900000000b 00007fff00005e80
0x00000001159e3b50:   00000001159e3b58 d17f000004000000
0x00000001159e3b60:   0c00000040f47063 6e6f74746f427962
0x00000001159e3b70:   0600000050447055 0000492949495b28
0x00000001159e3b80:   00000a0000000000 000060217163d17f
0x00000001159e3b90:   00006e69616d0400 76616a4c5b281600
0x00000001159e3ba0:   532f676e616c2f61 56293b676e697274
0x00000001159e3bb0:   0900000000000000 68217163d17f0000
0x00000001159e3bc0:   6f5479620b000000 0050446e776f4470
0x00000001159e3bd0:   5b49495b28080000 0000000000492949
0x00000001159e3be0:   00000100360a0000 0000000000000000 

Instructions: (pc=0x0000000106b335a1)
0x0000000106b33581:   05 3a d0 43 00 8a 48 08 41 8b 7e 08 48 d3 e7 48
0x0000000106b33591:   03 38 eb 04 49 8b 7e 08 48 8b 47 10 48 83 c7 10
0x0000000106b335a1:   ff 90 20 01 00 00 84 c0 74 aa 4d 85 f6 74 a5 48
0x0000000106b335b1:   85 db 75 07 b8 64 00 00 00 eb 0e 4c 89 ff 4c 89 

Register to memory mapping:

RAX=0x0000000000000000 is an unknown value
RBX=0x00000001159e3a8b is pointing into the stack for thread: 0x00007fd16501d800
RCX=0x00000000000fc003 is an unknown value
RDX=0x00000001159e3a8b is pointing into the stack for thread: 0x00007fd16501d800
RSP=0x00000001159e39f0 is pointing into the stack for thread: 0x00007fd16501d800
RBP=0x00000001159e3a40 is pointing into the stack for thread: 0x00007fd16501d800
RSI=0x00007fd16501d800 is a thread
RDI=0x00000007d8481810 is an unallocated location in the heap
R8 =0x00007fd163700b80 is an unknown value
R9 =0x00007fd163700c00 is an unknown value
R10=0x0000000078c01eb3 is an unknown value
R11=0x0000000050d171fd is an unknown value
R12=0x00007fd16501d800 is a thread
R13=0x00007fd1634114c0 is an unknown value
R14=0x00007fd16370f388 is a weak global jni handle
R15=0x00007fd163602580 is an unknown value


Stack: [0x00000001158e4000,0x00000001159e4000],  sp=0x00000001159e39f0,  free space=1022k
Native frames: (J=compiled Java code, j=interpreted, Vv=VM code, C=native code)
V  [libjvm.dylib+0x3335a1]
C  [libjdwp.dylib+0x201f8]  isMethodSynthetic+0x63
C  [libjdwp.dylib+0x502b]  methods1+0x10b
C  [libjdwp.dylib+0x5124]  methodsWithGeneric+0xe
C  [libjdwp.dylib+0xe6b2]  debugLoop_run+0x1ce
C  [libjdwp.dylib+0x1f132]  attachThread+0x4d
V  [libjvm.dylib+0x37417e]
V  [libjvm.dylib+0x4efb47]
V  [libjvm.dylib+0x4f124f]
V  [libjvm.dylib+0x41b1c6]
C  [libsystem_pthread.dylib+0x1899]  _pthread_body+0x8a
C  [libsystem_pthread.dylib+0x172a]  _pthread_struct_init+0x0
C  [libsystem_pthread.dylib+0x5fc9]  thread_start+0xd


---------------  P R O C E S S  ---------------

Java Threads: ( => current thread )
  0x00007fd164042800 JavaThread "Service Thread" daemon [_thread_blocked, id=20739, stack(0x0000000115df3000,0x0000000115ef3000)]
  0x00007fd16400c000 JavaThread "C2 CompilerThread1" daemon [_thread_blocked, id=20227, stack(0x0000000115cf0000,0x0000000115df0000)]
  0x00007fd164820000 JavaThread "C2 CompilerThread0" daemon [_thread_blocked, id=19715, stack(0x0000000115bed000,0x0000000115ced000)]
  0x00007fd16481f800 JavaThread "JDWP Command Reader" daemon [_thread_in_native, id=19203, stack(0x0000000115aea000,0x0000000115bea000)]
  0x00007fd165024800 JavaThread "JDWP Event Helper Thread" daemon [_thread_blocked, id=18691, stack(0x00000001159e7000,0x0000000115ae7000)]
=>0x00007fd16501d800 JavaThread "JDWP Transport Listener: dt_socket" daemon [_thread_in_vm, id=18179, stack(0x00000001158e4000,0x00000001159e4000)]
  0x00007fd16481b000 JavaThread "Signal Dispatcher" daemon [_thread_blocked, id=17667, stack(0x00000001157e1000,0x00000001158e1000)]
  0x00007fd164818000 JavaThread "Finalizer" daemon [_thread_blocked, id=12547, stack(0x0000000115592000,0x0000000115692000)]
  0x00007fd164815000 JavaThread "Reference Handler" daemon [_thread_blocked, id=12035, stack(0x000000011548f000,0x000000011558f000)]
  0x00007fd164001000 JavaThread "main" [_thread_blocked, id=6403, stack(0x0000000107254000,0x0000000107354000)]

Other Threads:
  0x00007fd164814800 VMThread [stack: 0x000000011538c000,0x000000011548c000] [id=11523]
  0x00007fd164043800 WatcherThread [stack: 0x0000000115ef6000,0x0000000115ff6000] [id=21251]

VM state:not at safepoint (normal execution)

VM Mutex/Monitor currently owned by a thread: None

Heap
 PSYoungGen      total 76800K, used 2642K [0x00000007aaa80000, 0x00000007b0000000, 0x0000000800000000)
  eden space 66048K, 4% used [0x00000007aaa80000,0x00000007aad14828,0x00000007aeb00000)
  from space 10752K, 0% used [0x00000007af580000,0x00000007af580000,0x00000007b0000000)
  to   space 10752K, 0% used [0x00000007aeb00000,0x00000007aeb00000,0x00000007af580000)
 ParOldGen       total 174592K, used 0K [0x0000000700000000, 0x000000070aa80000, 0x00000007aaa80000)
  object space 174592K, 0% used [0x0000000700000000,0x0000000700000000,0x000000070aa80000)
 PSPermGen       total 21504K, used 2663K [0x00000006fae00000, 0x00000006fc300000, 0x0000000700000000)
  object space 21504K, 12% used [0x00000006fae00000,0x00000006fb099cb8,0x00000006fc300000)

Card table byte_map: [0x000000010a416000,0x000000010ac40000] byte_map_base: 0x0000000106c3f000

Polling page: 0x0000000105fa2000

Code Cache  [0x0000000107356000, 0x00000001075c6000, 0x000000010a356000)
 total_blobs=179 nmethods=6 adapters=136 free_code_cache=48764Kb largest_free_block=49920192

Compilation events (10 events):
Event: 0.108 Thread 0x00007fd16400c000 nmethod 2 0x00000001073b5990 code [0x00000001073b5ae0, 0x00000001073b5c98]
Event: 0.109 Thread 0x00007fd164820000 nmethod 1% 0x00000001073b54d0 code [0x00000001073b5620, 0x00000001073b5878]
Event: 0.110 Thread 0x00007fd16400c000    3             java.lang.String::indexOf (70 bytes)
Event: 0.112 Thread 0x00007fd16400c000 nmethod 3 0x00000001073b5090 code [0x00000001073b51e0, 0x00000001073b53c8]
Event: 0.114 Thread 0x00007fd164820000    4             sun.nio.cs.UTF_8$Encoder::encode (361 bytes)
Event: 0.119 Thread 0x00007fd16400c000    5             java.lang.String::charAt (29 bytes)
Event: 0.120 Thread 0x00007fd16400c000 nmethod 5 0x00000001073b4d50 code [0x00000001073b4ea0, 0x00000001073b4f98]
Event: 0.123 Thread 0x00007fd16400c000    6             java.io.UnixFileSystem::normalize (75 bytes)
Event: 0.126 Thread 0x00007fd164820000 nmethod 4 0x00000001073b7c90 code [0x00000001073b7e20, 0x00000001073b8508]
Event: 0.129 Thread 0x00007fd16400c000 nmethod 6 0x00000001073b4710 code [0x00000001073b4880, 0x00000001073b4b58]

GC Heap History (0 events):
No events

Deoptimization events (0 events):
No events

Internal exceptions (10 events):
Event: 0.111 Thread 0x00007fd164001000 Threw 0x00000007aab279f8 at /HUDSON/workspace/7u-2-build-macosx-x86_64/jdk7u45/229/hotspot/src/share/vm/prims/jni.cpp:717
Event: 0.111 Thread 0x00007fd164001000 Threw 0x00000007aab27b18 at /HUDSON/workspace/7u-2-build-macosx-x86_64/jdk7u45/229/hotspot/src/share/vm/prims/jvm.cpp:1244
Event: 0.111 Thread 0x00007fd164001000 Threw 0x00000007aab27c40 at /HUDSON/workspace/7u-2-build-macosx-x86_64/jdk7u45/229/hotspot/src/share/vm/prims/jvm.cpp:1244
Event: 0.113 Thread 0x00007fd164001000 Threw 0x00000007aab28900 at /HUDSON/workspace/7u-2-build-macosx-x86_64/jdk7u45/229/hotspot/src/share/vm/prims/jni.cpp:717
Event: 0.113 Thread 0x00007fd164001000 Threw 0x00000007aab28a20 at /HUDSON/workspace/7u-2-build-macosx-x86_64/jdk7u45/229/hotspot/src/share/vm/prims/jvm.cpp:1244
Event: 0.113 Thread 0x00007fd164001000 Threw 0x00000007aab28b48 at /HUDSON/workspace/7u-2-build-macosx-x86_64/jdk7u45/229/hotspot/src/share/vm/prims/jvm.cpp:1244
Event: 0.117 Thread 0x00007fd164001000 Threw 0x00000007aab3b7b8 at /HUDSON/workspace/7u-2-build-macosx-x86_64/jdk7u45/229/hotspot/src/share/vm/prims/jni.cpp:717
Event: 0.117 Thread 0x00007fd164001000 Threw 0x00000007aab3b8d8 at /HUDSON/workspace/7u-2-build-macosx-x86_64/jdk7u45/229/hotspot/src/share/vm/prims/jvm.cpp:1244
Event: 0.117 Thread 0x00007fd164001000 Threw 0x00000007aab3ba00 at /HUDSON/workspace/7u-2-build-macosx-x86_64/jdk7u45/229/hotspot/src/share/vm/prims/jvm.cpp:1244
Event: 0.117 Thread 0x00007fd164001000 Threw 0x00000007aab3bc50 at /HUDSON/workspace/7u-2-build-macosx-x86_64/jdk7u45/229/hotspot/src/share/vm/prims/jvm.cpp:1244

Events (10 events):
Event: 741.045 Executing VM operation: RedefineClasses
Event: 741.046 Executing VM operation: RedefineClasses done
Event: 767.595 Executing VM operation: RedefineClasses
Event: 767.595 Executing VM operation: RedefineClasses done
Event: 792.216 Executing VM operation: RedefineClasses
Event: 792.216 Executing VM operation: RedefineClasses done
Event: 809.953 Executing VM operation: RedefineClasses
Event: 809.954 Executing VM operation: RedefineClasses done
Event: 1125.848 Executing VM operation: RedefineClasses
Event: 1125.848 Executing VM operation: RedefineClasses done


Dynamic libraries:
0x0000000005c33000 	/System/Library/Frameworks/Cocoa.framework/Versions/A/Cocoa
0x0000000005c33000 	/System/Library/Frameworks/Security.framework/Versions/A/Security
0x0000000005c33000 	/System/Library/Frameworks/ApplicationServices.framework/Versions/A/ApplicationServices
0x0000000005c33000 	/usr/lib/libz.1.dylib
0x0000000005c33000 	/usr/lib/libSystem.B.dylib
0x0000000005c33000 	/usr/lib/libobjc.A.dylib
0x0000000005c33000 	/System/Library/Frameworks/CoreFoundation.framework/Versions/A/CoreFoundation
0x0000000005c33000 	/System/Library/Frameworks/Foundation.framework/Versions/C/Foundation
0x0000000005c33000 	/System/Library/Frameworks/AppKit.framework/Versions/C/AppKit
0x0000000005c33000 	/System/Library/Frameworks/CoreData.framework/Versions/A/CoreData
0x0000000005c33000 	/System/Library/PrivateFrameworks/RemoteViewServices.framework/Versions/A/RemoteViewServices
0x0000000005c33000 	/System/Library/Frameworks/AudioToolbox.framework/Versions/A/AudioToolbox
0x0000000005c33000 	/System/Library/Frameworks/AudioUnit.framework/Versions/A/AudioUnit
0x0000000005c33000 	/System/Library/PrivateFrameworks/DataDetectorsCore.framework/Versions/A/DataDetectorsCore
0x0000000005c33000 	/System/Library/PrivateFrameworks/DesktopServicesPriv.framework/Versions/A/DesktopServicesPriv
0x0000000005c33000 	/System/Library/Frameworks/Carbon.framework/Versions/A/Frameworks/HIToolbox.framework/Versions/A/HIToolbox
0x0000000005c33000 	/System/Library/Frameworks/QuartzCore.framework/Versions/A/QuartzCore
0x0000000005c33000 	/System/Library/Frameworks/Carbon.framework/Versions/A/Frameworks/SpeechRecognition.framework/Versions/A/SpeechRecognition
0x0000000005c33000 	/usr/lib/libauto.dylib
0x0000000005c33000 	/usr/lib/libicucore.A.dylib
0x0000000005c33000 	/usr/lib/libxml2.2.dylib
0x0000000005c33000 	/System/Library/PrivateFrameworks/CoreUI.framework/Versions/A/CoreUI
0x0000000005c33000 	/System/Library/Frameworks/CoreAudio.framework/Versions/A/CoreAudio
0x0000000005c33000 	/System/Library/Frameworks/DiskArbitration.framework/Versions/A/DiskArbitration
0x0000000005c33000 	/usr/lib/liblangid.dylib
0x0000000005c33000 	/System/Library/PrivateFrameworks/MultitouchSupport.framework/Versions/A/MultitouchSupport
0x0000000005c33000 	/System/Library/Frameworks/IOKit.framework/Versions/A/IOKit
0x0000000005c33000 	/usr/lib/libDiagnosticMessagesClient.dylib
0x0000000005c33000 	/System/Library/Frameworks/CoreServices.framework/Versions/A/CoreServices
0x0000000005c33000 	/System/Library/PrivateFrameworks/PerformanceAnalysis.framework/Versions/A/PerformanceAnalysis
0x0000000005c33000 	/System/Library/PrivateFrameworks/GenerationalStorage.framework/Versions/A/GenerationalStorage
0x0000000005c33000 	/System/Library/Frameworks/OpenGL.framework/Versions/A/OpenGL
0x0000000005c33000 	/System/Library/PrivateFrameworks/Sharing.framework/Versions/A/Sharing
0x0000000005c33000 	/System/Library/Frameworks/ImageIO.framework/Versions/A/ImageIO
0x0000000005c33000 	/System/Library/Frameworks/CoreText.framework/Versions/A/CoreText
0x0000000005c33000 	/System/Library/Frameworks/CoreGraphics.framework/Versions/A/CoreGraphics
0x0000000005c33000 	/System/Library/PrivateFrameworks/Backup.framework/Versions/A/Backup
0x0000000005c33000 	/System/Library/Frameworks/CFNetwork.framework/Versions/A/CFNetwork
0x0000000005c33000 	/System/Library/Frameworks/SystemConfiguration.framework/Versions/A/SystemConfiguration
0x0000000005c33000 	/usr/lib/libCRFSuite.dylib
0x0000000005c33000 	/usr/lib/libc++.1.dylib
0x0000000005c33000 	/usr/lib/libc++abi.dylib
0x0000000005c33000 	/usr/lib/system/libcache.dylib
0x0000000005c33000 	/usr/lib/system/libcommonCrypto.dylib
0x0000000005c33000 	/usr/lib/system/libcompiler_rt.dylib
0x0000000005c33000 	/usr/lib/system/libcopyfile.dylib
0x0000000005c33000 	/usr/lib/system/libcorecrypto.dylib
0x0000000005c33000 	/usr/lib/system/libdispatch.dylib
0x0000000005c33000 	/usr/lib/system/libdyld.dylib
0x0000000005c33000 	/usr/lib/system/libkeymgr.dylib
0x0000000005c33000 	/usr/lib/system/liblaunch.dylib
0x0000000005c33000 	/usr/lib/system/libmacho.dylib
0x0000000005c33000 	/usr/lib/system/libquarantine.dylib
0x0000000005c33000 	/usr/lib/system/libremovefile.dylib
0x0000000005c33000 	/usr/lib/system/libsystem_asl.dylib
0x0000000005c33000 	/usr/lib/system/libsystem_blocks.dylib
0x0000000005c33000 	/usr/lib/system/libsystem_c.dylib
0x0000000005c33000 	/usr/lib/system/libsystem_configuration.dylib
0x0000000005c33000 	/usr/lib/system/libsystem_dnssd.dylib
0x0000000005c33000 	/usr/lib/system/libsystem_info.dylib
0x0000000005c33000 	/usr/lib/system/libsystem_kernel.dylib
0x0000000005c33000 	/usr/lib/system/libsystem_m.dylib
0x0000000005c33000 	/usr/lib/system/libsystem_malloc.dylib
0x0000000005c33000 	/usr/lib/system/libsystem_network.dylib
0x0000000005c33000 	/usr/lib/system/libsystem_notify.dylib
0x0000000005c33000 	/usr/lib/system/libsystem_platform.dylib
0x0000000005c33000 	/usr/lib/system/libsystem_pthread.dylib
0x0000000005c33000 	/usr/lib/system/libsystem_sandbox.dylib
0x0000000005c33000 	/usr/lib/system/libsystem_stats.dylib
0x0000000005c33000 	/usr/lib/system/libunc.dylib
0x0000000005c33000 	/usr/lib/system/libunwind.dylib
0x0000000005c33000 	/usr/lib/system/libxpc.dylib
0x0000000005c33000 	/usr/lib/libbsm.0.dylib
0x0000000005c33000 	/usr/lib/libsqlite3.dylib
0x0000000005c33000 	/usr/lib/libxar.1.dylib
0x0000000005c33000 	/usr/lib/libpam.2.dylib
0x0000000005c33000 	/usr/lib/libOpenScriptingUtil.dylib
0x0000000005c33000 	/usr/lib/libbz2.1.0.dylib
0x0000000005c33000 	/System/Library/Frameworks/CoreServices.framework/Versions/A/Frameworks/CarbonCore.framework/Versions/A/CarbonCore
0x0000000005c33000 	/System/Library/Frameworks/CoreServices.framework/Versions/A/Frameworks/Metadata.framework/Versions/A/Metadata
0x0000000005c33000 	/System/Library/Frameworks/CoreServices.framework/Versions/A/Frameworks/OSServices.framework/Versions/A/OSServices
0x0000000005c33000 	/System/Library/Frameworks/CoreServices.framework/Versions/A/Frameworks/SearchKit.framework/Versions/A/SearchKit
0x0000000005c33000 	/System/Library/Frameworks/CoreServices.framework/Versions/A/Frameworks/AE.framework/Versions/A/AE
0x0000000005c33000 	/System/Library/Frameworks/CoreServices.framework/Versions/A/Frameworks/LaunchServices.framework/Versions/A/LaunchServices
0x0000000005c33000 	/System/Library/Frameworks/CoreServices.framework/Versions/A/Frameworks/DictionaryServices.framework/Versions/A/DictionaryServices
0x0000000005c33000 	/System/Library/Frameworks/NetFS.framework/Versions/A/NetFS
0x0000000005c33000 	/usr/lib/system/libkxld.dylib
0x0000000005c33000 	/System/Library/PrivateFrameworks/NetAuth.framework/Versions/A/NetAuth
0x0000000005c33000 	/System/Library/PrivateFrameworks/TCC.framework/Versions/A/TCC
0x0000000005c33000 	/System/Library/Frameworks/OpenDirectory.framework/Versions/A/Frameworks/CFOpenDirectory.framework/Versions/A/CFOpenDirectory
0x0000000005c33000 	/System/Library/Frameworks/ServiceManagement.framework/Versions/A/ServiceManagement
0x0000000005c33000 	/usr/lib/libxslt.1.dylib
0x0000000005c33000 	/System/Library/Frameworks/Carbon.framework/Versions/A/Frameworks/Ink.framework/Versions/A/Ink
0x0000000005c33000 	/System/Library/Frameworks/ApplicationServices.framework/Versions/A/Frameworks/ATS.framework/Versions/A/ATS
0x0000000005c33000 	/System/Library/Frameworks/ApplicationServices.framework/Versions/A/Frameworks/ColorSync.framework/Versions/A/ColorSync
0x0000000005c33000 	/System/Library/Frameworks/ApplicationServices.framework/Versions/A/Frameworks/HIServices.framework/Versions/A/HIServices
0x0000000005c33000 	/System/Library/Frameworks/ApplicationServices.framework/Versions/A/Frameworks/LangAnalysis.framework/Versions/A/LangAnalysis
0x0000000005c33000 	/System/Library/Frameworks/ApplicationServices.framework/Versions/A/Frameworks/PrintCore.framework/Versions/A/PrintCore
0x0000000005c33000 	/System/Library/Frameworks/ApplicationServices.framework/Versions/A/Frameworks/QD.framework/Versions/A/QD
0x0000000005c33000 	/System/Library/Frameworks/ApplicationServices.framework/Versions/A/Frameworks/SpeechSynthesis.framework/Versions/A/SpeechSynthesis
0x0000000005c33000 	/System/Library/Frameworks/IOSurface.framework/Versions/A/IOSurface
0x0000000005c33000 	/System/Library/Frameworks/Accelerate.framework/Versions/A/Accelerate
0x0000000005c33000 	/System/Library/Frameworks/Accelerate.framework/Versions/A/Frameworks/vImage.framework/Versions/A/vImage
0x0000000005c33000 	/System/Library/Frameworks/Accelerate.framework/Versions/A/Frameworks/vecLib.framework/Versions/A/vecLib
0x0000000005c33000 	/System/Library/Frameworks/Accelerate.framework/Versions/A/Frameworks/vecLib.framework/Versions/A/libvDSP.dylib
0x0000000005c33000 	/System/Library/Frameworks/Accelerate.framework/Versions/A/Frameworks/vecLib.framework/Versions/A/libvMisc.dylib
0x0000000005c33000 	/System/Library/Frameworks/Accelerate.framework/Versions/A/Frameworks/vecLib.framework/Versions/A/libLAPACK.dylib
0x0000000005c33000 	/System/Library/Frameworks/Accelerate.framework/Versions/A/Frameworks/vecLib.framework/Versions/A/libBLAS.dylib
0x0000000005c33000 	/System/Library/Frameworks/ApplicationServices.framework/Versions/A/Frameworks/ATS.framework/Versions/A/Resources/libFontParser.dylib
0x0000000005c33000 	/System/Library/Frameworks/ApplicationServices.framework/Versions/A/Frameworks/ATS.framework/Versions/A/Resources/libFontRegistry.dylib
0x0000000005c33000 	/System/Library/Frameworks/ImageIO.framework/Versions/A/Resources/libJPEG.dylib
0x0000000005c33000 	/System/Library/Frameworks/ImageIO.framework/Versions/A/Resources/libTIFF.dylib
0x0000000005c33000 	/System/Library/Frameworks/ImageIO.framework/Versions/A/Resources/libPng.dylib
0x0000000005c33000 	/System/Library/Frameworks/ImageIO.framework/Versions/A/Resources/libGIF.dylib
0x0000000005c33000 	/System/Library/Frameworks/ImageIO.framework/Versions/A/Resources/libJP2.dylib
0x0000000005c33000 	/System/Library/Frameworks/ImageIO.framework/Versions/A/Resources/libRadiance.dylib
0x0000000005c33000 	/usr/lib/libcups.2.dylib
0x0000000005c33000 	/System/Library/Frameworks/Kerberos.framework/Versions/A/Kerberos
0x0000000005c33000 	/System/Library/Frameworks/GSS.framework/Versions/A/GSS
0x0000000005c33000 	/usr/lib/libresolv.9.dylib
0x0000000005c33000 	/usr/lib/libiconv.2.dylib
0x0000000005c33000 	/System/Library/PrivateFrameworks/Heimdal.framework/Versions/A/Heimdal
0x0000000005c33000 	/System/Library/PrivateFrameworks/TrustEvaluationAgent.framework/Versions/A/TrustEvaluationAgent
0x0000000005c33000 	/usr/lib/libheimdal-asn1.dylib
0x0000000005c33000 	/System/Library/Frameworks/OpenDirectory.framework/Versions/A/OpenDirectory
0x0000000005c33000 	/System/Library/PrivateFrameworks/CommonAuth.framework/Versions/A/CommonAuth
0x0000000005c33000 	/System/Library/Frameworks/SecurityFoundation.framework/Versions/A/SecurityFoundation
0x0000000005c33000 	/System/Library/PrivateFrameworks/Bom.framework/Versions/A/Bom
0x0000000005c33000 	/System/Library/Frameworks/CoreVideo.framework/Versions/A/CoreVideo
0x0000000005c33000 	/System/Library/Frameworks/QuartzCore.framework/Versions/A/Frameworks/CoreImage.framework/Versions/A/CoreImage
0x0000000005c33000 	/System/Library/Frameworks/QuartzCore.framework/Versions/A/Frameworks/ScalableUserInterface.framework/Versions/A/ScalableUserInterface
0x0000000005c33000 	/System/Library/Frameworks/OpenGL.framework/Versions/A/Libraries/libGLU.dylib
0x0000000005c33000 	/System/Library/Frameworks/OpenGL.framework/Versions/A/Libraries/libGFXShared.dylib
0x0000000005c33000 	/System/Library/Frameworks/OpenGL.framework/Versions/A/Libraries/libGL.dylib
0x0000000005c33000 	/System/Library/Frameworks/OpenGL.framework/Versions/A/Libraries/libGLImage.dylib
0x0000000005c33000 	/System/Library/Frameworks/OpenGL.framework/Versions/A/Libraries/libCVMSPluginSupport.dylib
0x0000000005c33000 	/System/Library/Frameworks/OpenGL.framework/Versions/A/Libraries/libCoreVMClient.dylib
0x0000000005c33000 	/System/Library/PrivateFrameworks/FaceCore.framework/Versions/A/FaceCore
0x0000000005c33000 	/System/Library/PrivateFrameworks/CrashReporterSupport.framework/Versions/A/CrashReporterSupport
0x0000000005c33000 	/System/Library/Frameworks/OpenCL.framework/Versions/A/OpenCL
0x0000000005c33000 	/System/Library/PrivateFrameworks/AppleFSCompression.framework/Versions/A/AppleFSCompression
0x0000000005c33000 	/System/Library/PrivateFrameworks/Ubiquity.framework/Versions/A/Ubiquity
0x0000000005c33000 	/System/Library/PrivateFrameworks/IconServices.framework/Versions/A/IconServices
0x0000000005c33000 	/System/Library/PrivateFrameworks/ChunkingLibrary.framework/Versions/A/ChunkingLibrary
0x0000000005c33000 	/System/Library/PrivateFrameworks/CoreSymbolication.framework/Versions/A/CoreSymbolication
0x0000000005c33000 	/System/Library/PrivateFrameworks/Symbolication.framework/Versions/A/Symbolication
0x0000000005c33000 	/System/Library/PrivateFrameworks/DebugSymbols.framework/Versions/A/DebugSymbols
0x0000000106800000 	/Library/Java/JavaVirtualMachines/jdk1.7.0_45.jdk/Contents/Home/jre/lib/server/libjvm.dylib
0x0000000005c33000 	/usr/lib/libstdc++.6.dylib
0x0000000105f65000 	/Library/Java/JavaVirtualMachines/jdk1.7.0_45.jdk/Contents/Home/jre/lib/libverify.dylib
0x0000000105f72000 	/Library/Java/JavaVirtualMachines/jdk1.7.0_45.jdk/Contents/Home/jre/lib/libjava.dylib
0x0000000105fa3000 	/Library/Java/JavaVirtualMachines/jdk1.7.0_45.jdk/Contents/Home/jre/lib/libjdwp.dylib
0x0000000105fe0000 	/Library/Java/JavaVirtualMachines/jdk1.7.0_45.jdk/Contents/Home/jre/lib/libnpt.dylib
0x0000000105fed000 	/Library/Java/JavaVirtualMachines/jdk1.7.0_45.jdk/Contents/Home/jre/lib/libzip.dylib
0x0000000115694000 	/System/Library/Frameworks/JavaVM.framework/Frameworks/JavaRuntimeSupport.framework/JavaRuntimeSupport
0x00000001156ac000 	/System/Library/Frameworks/JavaVM.framework/Versions/A/Frameworks/JavaNativeFoundation.framework/Versions/A/JavaNativeFoundation
0x00000001156c1000 	/System/Library/Frameworks/JavaVM.framework/Versions/A/JavaVM
0x0000000005c33000 	/System/Library/Frameworks/Carbon.framework/Versions/A/Carbon
0x00000001156ce000 	/System/Library/PrivateFrameworks/JavaLaunching.framework/Versions/A/JavaLaunching
0x0000000005c33000 	/System/Library/Frameworks/Carbon.framework/Versions/A/Frameworks/CommonPanels.framework/Versions/A/CommonPanels
0x0000000005c33000 	/System/Library/Frameworks/Carbon.framework/Versions/A/Frameworks/Help.framework/Versions/A/Help
0x0000000005c33000 	/System/Library/Frameworks/Carbon.framework/Versions/A/Frameworks/ImageCapture.framework/Versions/A/ImageCapture
0x0000000005c33000 	/System/Library/Frameworks/Carbon.framework/Versions/A/Frameworks/OpenScripting.framework/Versions/A/OpenScripting
0x0000000005c33000 	/System/Library/Frameworks/Carbon.framework/Versions/A/Frameworks/Print.framework/Versions/A/Print
0x0000000005c33000 	/System/Library/Frameworks/Carbon.framework/Versions/A/Frameworks/SecurityHI.framework/Versions/A/SecurityHI
0x0000000105ff9000 	/Library/Java/JavaVirtualMachines/jdk1.7.0_45.jdk/Contents/Home/jre/lib/libdt_socket.dylib

VM Arguments:
jvm_args: -agentlib:jdwp=transport=dt_socket,address=127.0.0.1:49463,suspend=y,server=n -Dfile.encoding=UTF-8 
java_command: com.sada.algorithms.dp.CutTheRod
Launcher Type: SUN_STANDARD

Environment Variables:
PATH=/usr/bin:/bin:/usr/sbin:/sbin:/usr/local/bin
SHELL=/bin/bash

Signal Handlers:
SIGSEGV: [libjvm.dylib+0x525415], sa_mask[0]=0xfffefeff, sa_flags=0x00000043
SIGBUS: [libjvm.dylib+0x525415], sa_mask[0]=0xfffefeff, sa_flags=0x00000042
SIGFPE: [libjvm.dylib+0x41891a], sa_mask[0]=0xfffefeff, sa_flags=0x00000042
SIGPIPE: [libjvm.dylib+0x41891a], sa_mask[0]=0xfffefeff, sa_flags=0x00000042
SIGXFSZ: [libjvm.dylib+0x41891a], sa_mask[0]=0xfffefeff, sa_flags=0x00000042
SIGILL: [libjvm.dylib+0x41891a], sa_mask[0]=0xfffefeff, sa_flags=0x00000042
SIGUSR1: SIG_DFL, sa_mask[0]=0x00000000, sa_flags=0x00000002
SIGUSR2: [libjvm.dylib+0x41840c], sa_mask[0]=0x00000004, sa_flags=0x00000042
SIGHUP: [libjvm.dylib+0x41669b], sa_mask[0]=0xfffefeff, sa_flags=0x00000042
SIGINT: [libjvm.dylib+0x41669b], sa_mask[0]=0xfffefeff, sa_flags=0x00000042
SIGTERM: [libjvm.dylib+0x41669b], sa_mask[0]=0xfffefeff, sa_flags=0x00000042
SIGQUIT: [libjvm.dylib+0x41669b], sa_mask[0]=0xfffefeff, sa_flags=0x00000042


---------------  S Y S T E M  ---------------

OS:Bsduname:Darwin 13.0.2 Darwin Kernel Version 13.0.2: Sun Sep 29 19:38:57 PDT 2013; root:xnu-2422.75.4~1/RELEASE_X86_64 x86_64
rlimit: STACK 8192k, CORE 0k, NPROC 709, NOFILE 10240, AS infinity
load average:2.55 2.43 2.28

CPU:total 4 (2 cores per cpu, 2 threads per core) family 6 model 69 stepping 1, cmov, cx8, fxsr, mmx, sse, sse2, sse3, ssse3, sse4.1, sse4.2, popcnt, avx, avx2, aes, erms, ht, tsc, tscinvbit

Memory: 4k page, physical 16777216k(4194304k free)

/proc/meminfo:


vm_info: Java HotSpot(TM) 64-Bit Server VM (24.45-b08) for bsd-amd64 JRE (1.7.0_45-b18), built on Oct  8 2013 05:54:16 by "java_re" with gcc 4.2.1 (Based on Apple Inc. build 5658) (LLVM build 2336.11.00)

time: Tue Jan  7 21:39:58 2014
elapsed time: 1125 seconds

